\BOOKMARK [0][-]{chapter.1}{\376\377\0001\000\040\000D\000a\000t\000a\000\040\000S\000t\000r\000u\000c\000t\000u\000r\000e\000\040\000I\000n\000d\000e\000x}{}% 1
\BOOKMARK [1][-]{section.1.1}{\376\377\0001\000.\0001\000\040\000D\000a\000t\000a\000\040\000S\000t\000r\000u\000c\000t\000u\000r\000e\000s}{chapter.1}% 2
\BOOKMARK [0][-]{chapter.2}{\376\377\0002\000\040\000F\000i\000l\000e\000\040\000I\000n\000d\000e\000x}{}% 3
\BOOKMARK [1][-]{section.2.1}{\376\377\0002\000.\0001\000\040\000F\000i\000l\000e\000\040\000L\000i\000s\000t}{chapter.2}% 4
\BOOKMARK [0][-]{chapter.3}{\376\377\0003\000\040\000D\000a\000t\000a\000\040\000S\000t\000r\000u\000c\000t\000u\000r\000e\000\040\000D\000o\000c\000u\000m\000e\000n\000t\000a\000t\000i\000o\000n}{}% 5
\BOOKMARK [1][-]{section.3.1}{\376\377\0003\000.\0001\000\040\000M\000e\000n\000u\000S\000t\000r\000u\000c\000t\000u\000r\000e\000\040\000S\000t\000r\000u\000c\000t\000\040\000R\000e\000f\000e\000r\000e\000n\000c\000e}{chapter.3}% 6
\BOOKMARK [2][-]{subsection.3.1.1}{\376\377\0003\000.\0001\000.\0001\000\040\000F\000i\000e\000l\000d\000\040\000D\000o\000c\000u\000m\000e\000n\000t\000a\000t\000i\000o\000n}{section.3.1}% 7
\BOOKMARK [3][-]{subsubsection.3.1.1.1}{\376\377\0003\000.\0001\000.\0001\000.\0001\000\040\000d\000o\000w\000n}{subsection.3.1.1}% 8
\BOOKMARK [3][-]{subsubsection.3.1.1.2}{\376\377\0003\000.\0001\000.\0001\000.\0002\000\040\000e\000n\000t\000e\000r}{subsection.3.1.1}% 9
\BOOKMARK [3][-]{subsubsection.3.1.1.3}{\376\377\0003\000.\0001\000.\0001\000.\0003\000\040\000f\000p}{subsection.3.1.1}% 10
\BOOKMARK [3][-]{subsubsection.3.1.1.4}{\376\377\0003\000.\0001\000.\0001\000.\0004\000\040\000n\000u\000m\000\137\000m\000e\000n\000u\000p\000o\000i\000n\000t\000s}{subsection.3.1.1}% 11
\BOOKMARK [3][-]{subsubsection.3.1.1.5}{\376\377\0003\000.\0001\000.\0001\000.\0005\000\040\000t\000e\000x\000t}{subsection.3.1.1}% 12
\BOOKMARK [3][-]{subsubsection.3.1.1.6}{\376\377\0003\000.\0001\000.\0001\000.\0006\000\040\000u\000p}{subsection.3.1.1}% 13
\BOOKMARK [0][-]{chapter.4}{\376\377\0004\000\040\000F\000i\000l\000e\000\040\000D\000o\000c\000u\000m\000e\000n\000t\000a\000t\000i\000o\000n}{}% 14
\BOOKMARK [1][-]{section.4.1}{\376\377\0004\000.\0001\000\040\000D\000:\000/\000P\000r\000o\000j\000e\000c\000t\000s\000/\000p\000i\000c\0001\0008\000f\0002\0005\0002\0005\000/\000L\000C\000D\000\137\000t\000r\000i\000a\000l\000s\000/\000l\000c\000d\000\137\000m\000c\000u\000\137\000m\000e\000n\000u\000.\000X\000/\000A\000D\000C\000\137\000u\000s\000e\000r\000\137\000f\000u\000n\000c\000t\000i\000o\000n\000s\000.\000h\000\040\000F\000i\000l\000e\000\040\000R\000e\000f\000e\000r\000e\000n\000c\000e}{chapter.4}% 15
\BOOKMARK [2][-]{subsection.4.1.1}{\376\377\0004\000.\0001\000.\0001\000\040\000F\000u\000n\000c\000t\000i\000o\000n\000\040\000D\000o\000c\000u\000m\000e\000n\000t\000a\000t\000i\000o\000n}{section.4.1}% 16
\BOOKMARK [3][-]{subsubsection.4.1.1.1}{\376\377\0004\000.\0001\000.\0001\000.\0001\000\040\000i\000n\000i\000t\000\137\000A\000D\000C\000\050\000\051}{subsection.4.1.1}% 17
\BOOKMARK [3][-]{subsubsection.4.1.1.2}{\376\377\0004\000.\0001\000.\0001\000.\0002\000\040\000i\000n\000i\000t\000\137\000d\000a\000c\000\137\000S\000P\000I\000\050\000\051}{subsection.4.1.1}% 18
\BOOKMARK [3][-]{subsubsection.4.1.1.3}{\376\377\0004\000.\0001\000.\0001\000.\0003\000\040\000i\000n\000i\000t\000\137\000d\000i\000g\000\137\000p\000o\000t\000\137\000S\000P\000I\000\050\000\051}{subsection.4.1.1}% 19
\BOOKMARK [3][-]{subsubsection.4.1.1.4}{\376\377\0004\000.\0001\000.\0001\000.\0004\000\040\000s\000e\000n\000d\000\137\000b\000a\000c\000k\000l\000i\000g\000h\000t\000\137\000s\000p\000i\000\050\000\051}{subsection.4.1.1}% 20
\BOOKMARK [3][-]{subsubsection.4.1.1.5}{\376\377\0004\000.\0001\000.\0001\000.\0005\000\040\000s\000e\000n\000d\000\137\000c\000o\000n\000t\000r\000a\000s\000t\000\137\000s\000p\000i\000\050\000\051}{subsection.4.1.1}% 21
\BOOKMARK [3][-]{subsubsection.4.1.1.6}{\376\377\0004\000.\0001\000.\0001\000.\0006\000\040\000s\000e\000n\000d\000\137\000d\000a\000c\000\137\000i\000\137\000s\000p\000i\000\050\000\051}{subsection.4.1.1}% 22
\BOOKMARK [3][-]{subsubsection.4.1.1.7}{\376\377\0004\000.\0001\000.\0001\000.\0007\000\040\000s\000e\000n\000d\000\137\000d\000a\000c\000\137\000u\000\137\000s\000p\000i\000\050\000\051}{subsection.4.1.1}% 23
\BOOKMARK [1][-]{section.4.2}{\376\377\0004\000.\0002\000\040\000D\000:\000/\000P\000r\000o\000j\000e\000c\000t\000s\000/\000p\000i\000c\0001\0008\000f\0002\0005\0002\0005\000/\000L\000C\000D\000\137\000t\000r\000i\000a\000l\000s\000/\000l\000c\000d\000\137\000m\000c\000u\000\137\000m\000e\000n\000u\000.\000X\000/\000b\000u\000s\000y\000x\000l\000c\000d\000.\000c\000\040\000F\000i\000l\000e\000\040\000R\000e\000f\000e\000r\000e\000n\000c\000e}{chapter.4}% 24
\BOOKMARK [2][-]{subsection.4.2.1}{\376\377\0004\000.\0002\000.\0001\000\040\000F\000u\000n\000c\000t\000i\000o\000n\000\040\000D\000o\000c\000u\000m\000e\000n\000t\000a\000t\000i\000o\000n}{section.4.2}% 25
\BOOKMARK [3][-]{subsubsection.4.2.1.1}{\376\377\0004\000.\0002\000.\0001\000.\0001\000\040\000B\000u\000s\000y\000X\000L\000C\000D\000\050\000\051}{subsection.4.2.1}% 26
\BOOKMARK [1][-]{section.4.3}{\376\377\0004\000.\0003\000\040\000D\000:\000/\000P\000r\000o\000j\000e\000c\000t\000s\000/\000p\000i\000c\0001\0008\000f\0002\0005\0002\0005\000/\000L\000C\000D\000\137\000t\000r\000i\000a\000l\000s\000/\000l\000c\000d\000\137\000m\000c\000u\000\137\000m\000e\000n\000u\000.\000X\000/\000l\000c\000d\000\137\000m\000e\000n\000u\000.\000c\000\040\000F\000i\000l\000e\000\040\000R\000e\000f\000e\000r\000e\000n\000c\000e}{chapter.4}% 27
\BOOKMARK [2][-]{subsection.4.3.1}{\376\377\0004\000.\0003\000.\0001\000\040\000F\000u\000n\000c\000t\000i\000o\000n\000\040\000D\000o\000c\000u\000m\000e\000n\000t\000a\000t\000i\000o\000n}{section.4.3}% 28
\BOOKMARK [3][-]{subsubsection.4.3.1.1}{\376\377\0004\000.\0003\000.\0001\000.\0001\000\040\000c\000l\000e\000a\000r\000\137\000d\000i\000s\000p\000l\000a\000y\000\050\000\051}{subsection.4.3.1}% 29
\BOOKMARK [3][-]{subsubsection.4.3.1.2}{\376\377\0004\000.\0003\000.\0001\000.\0002\000\040\000D\000e\000l\000a\000y\0001\000S\000e\000c\000\050\000\051}{subsection.4.3.1}% 30
\BOOKMARK [3][-]{subsubsection.4.3.1.3}{\376\377\0004\000.\0003\000.\0001\000.\0003\000\040\000D\000e\000l\000a\000y\0002\0000\0000\000m\000s\000\050\000\051}{subsection.4.3.1}% 31
\BOOKMARK [3][-]{subsubsection.4.3.1.4}{\376\377\0004\000.\0003\000.\0001\000.\0004\000\040\000D\000e\000l\000a\000y\000F\000o\000r\0001\0008\000T\000C\000Y\000\050\000\051}{subsection.4.3.1}% 32
\BOOKMARK [3][-]{subsubsection.4.3.1.5}{\376\377\0004\000.\0003\000.\0001\000.\0005\000\040\000D\000e\000l\000a\000y\000H\000a\000l\000f\000S\000e\000c\000\050\000\051}{subsection.4.3.1}% 33
\BOOKMARK [3][-]{subsubsection.4.3.1.6}{\376\377\0004\000.\0003\000.\0001\000.\0006\000\040\000D\000e\000l\000a\000y\000P\000O\000R\000X\000L\000C\000D\000\050\000\051}{subsection.4.3.1}% 34
\BOOKMARK [3][-]{subsubsection.4.3.1.7}{\376\377\0004\000.\0003\000.\0001\000.\0007\000\040\000D\000e\000l\000a\000y\000X\000L\000C\000D\000\050\000\051}{subsection.4.3.1}% 35
\BOOKMARK [3][-]{subsubsection.4.3.1.8}{\376\377\0004\000.\0003\000.\0001\000.\0008\000\040\000g\000o\000t\000o\000x\000y\000\050\000\051}{subsection.4.3.1}% 36
\BOOKMARK [3][-]{subsubsection.4.3.1.9}{\376\377\0004\000.\0003\000.\0001\000.\0009\000\040\000L\000C\000D\000W\000r\000i\000t\000e\000C\000m\000d\000\050\000\051}{subsection.4.3.1}% 37
\BOOKMARK [3][-]{subsubsection.4.3.1.10}{\376\377\0004\000.\0003\000.\0001\000.\0001\0000\000\040\000L\000C\000D\000W\000r\000i\000t\000e\000S\000t\000r\000i\000n\000g\000R\000O\000M\000\050\000\051}{subsection.4.3.1}% 38
\BOOKMARK [3][-]{subsubsection.4.3.1.11}{\376\377\0004\000.\0003\000.\0001\000.\0001\0001\000\040\000s\000h\000o\000w\000\137\000m\000e\000n\000u\000\050\000\051}{subsection.4.3.1}% 39
\BOOKMARK [2][-]{subsection.4.3.2}{\376\377\0004\000.\0003\000.\0002\000\040\000V\000a\000r\000i\000a\000b\000l\000e\000\040\000D\000o\000c\000u\000m\000e\000n\000t\000a\000t\000i\000o\000n}{section.4.3}% 40
\BOOKMARK [3][-]{subsubsection.4.3.2.1}{\376\377\0004\000.\0003\000.\0002\000.\0001\000\040\000m\000e\000n\000u\000\137\0000\0000\0000}{subsection.4.3.2}% 41
\BOOKMARK [3][-]{subsubsection.4.3.2.2}{\376\377\0004\000.\0003\000.\0002\000.\0002\000\040\000m\000e\000n\000u\000\137\0000\0000\0001}{subsection.4.3.2}% 42
\BOOKMARK [3][-]{subsubsection.4.3.2.3}{\376\377\0004\000.\0003\000.\0002\000.\0003\000\040\000m\000e\000n\000u\000\137\0000\0000\0002}{subsection.4.3.2}% 43
\BOOKMARK [3][-]{subsubsection.4.3.2.4}{\376\377\0004\000.\0003\000.\0002\000.\0004\000\040\000m\000e\000n\000u\000\137\0000\0000\0003}{subsection.4.3.2}% 44
\BOOKMARK [3][-]{subsubsection.4.3.2.5}{\376\377\0004\000.\0003\000.\0002\000.\0005\000\040\000m\000e\000n\000u\000\137\0000\0000\0004}{subsection.4.3.2}% 45
\BOOKMARK [3][-]{subsubsection.4.3.2.6}{\376\377\0004\000.\0003\000.\0002\000.\0006\000\040\000m\000e\000n\000u\000\137\0000\0000\0005}{subsection.4.3.2}% 46
\BOOKMARK [3][-]{subsubsection.4.3.2.7}{\376\377\0004\000.\0003\000.\0002\000.\0007\000\040\000m\000e\000n\000u\000\137\0000\0000\0006}{subsection.4.3.2}% 47
\BOOKMARK [3][-]{subsubsection.4.3.2.8}{\376\377\0004\000.\0003\000.\0002\000.\0008\000\040\000m\000e\000n\000u\000\137\0000\0000\0007}{subsection.4.3.2}% 48
\BOOKMARK [3][-]{subsubsection.4.3.2.9}{\376\377\0004\000.\0003\000.\0002\000.\0009\000\040\000m\000e\000n\000u\000\137\0000\0000\0008}{subsection.4.3.2}% 49
\BOOKMARK [3][-]{subsubsection.4.3.2.10}{\376\377\0004\000.\0003\000.\0002\000.\0001\0000\000\040\000m\000e\000n\000u\000\137\0000\0000\0009}{subsection.4.3.2}% 50
\BOOKMARK [3][-]{subsubsection.4.3.2.11}{\376\377\0004\000.\0003\000.\0002\000.\0001\0001\000\040\000m\000e\000n\000u\000\137\0000\0001\0000}{subsection.4.3.2}% 51
\BOOKMARK [3][-]{subsubsection.4.3.2.12}{\376\377\0004\000.\0003\000.\0002\000.\0001\0002\000\040\000m\000e\000n\000u\000\137\0000\0001\0001}{subsection.4.3.2}% 52
\BOOKMARK [3][-]{subsubsection.4.3.2.13}{\376\377\0004\000.\0003\000.\0002\000.\0001\0003\000\040\000m\000e\000n\000u\000\137\0000\0001\0002}{subsection.4.3.2}% 53
\BOOKMARK [3][-]{subsubsection.4.3.2.14}{\376\377\0004\000.\0003\000.\0002\000.\0001\0004\000\040\000m\000e\000n\000u\000\137\0000\0001\0003}{subsection.4.3.2}% 54
\BOOKMARK [3][-]{subsubsection.4.3.2.15}{\376\377\0004\000.\0003\000.\0002\000.\0001\0005\000\040\000m\000e\000n\000u\000\137\0000\0001\0004}{subsection.4.3.2}% 55
\BOOKMARK [3][-]{subsubsection.4.3.2.16}{\376\377\0004\000.\0003\000.\0002\000.\0001\0006\000\040\000m\000e\000n\000u\000\137\0000\0001\0005}{subsection.4.3.2}% 56
\BOOKMARK [3][-]{subsubsection.4.3.2.17}{\376\377\0004\000.\0003\000.\0002\000.\0001\0007\000\040\000m\000e\000n\000u\000\137\0000\0001\0006}{subsection.4.3.2}% 57
\BOOKMARK [3][-]{subsubsection.4.3.2.18}{\376\377\0004\000.\0003\000.\0002\000.\0001\0008\000\040\000m\000y\000\137\000m\000e\000n\000u}{subsection.4.3.2}% 58
\BOOKMARK [3][-]{subsubsection.4.3.2.19}{\376\377\0004\000.\0003\000.\0002\000.\0001\0009\000\040\000s\000e\000l\000e\000c\000t\000e\000d}{subsection.4.3.2}% 59
\BOOKMARK [1][-]{section.4.4}{\376\377\0004\000.\0004\000\040\000D\000:\000/\000P\000r\000o\000j\000e\000c\000t\000s\000/\000p\000i\000c\0001\0008\000f\0002\0005\0002\0005\000/\000L\000C\000D\000\137\000t\000r\000i\000a\000l\000s\000/\000l\000c\000d\000\137\000m\000c\000u\000\137\000m\000e\000n\000u\000.\000X\000/\000l\000c\000d\000\137\000m\000e\000n\000u\000.\000h\000\040\000F\000i\000l\000e\000\040\000R\000e\000f\000e\000r\000e\000n\000c\000e}{chapter.4}% 60
\BOOKMARK [2][-]{subsection.4.4.1}{\376\377\0004\000.\0004\000.\0001\000\040\000M\000a\000c\000r\000o\000\040\000D\000e\000f\000i\000n\000i\000t\000i\000o\000n\000\040\000D\000o\000c\000u\000m\000e\000n\000t\000a\000t\000i\000o\000n}{section.4.4}% 61
\BOOKMARK [3][-]{subsubsection.4.4.1.1}{\376\377\0004\000.\0004\000.\0001\000.\0001\000\040\000\137\000X\000T\000A\000L\000\137\000F\000R\000E\000Q}{subsection.4.4.1}% 62
\BOOKMARK [3][-]{subsubsection.4.4.1.2}{\376\377\0004\000.\0004\000.\0001\000.\0002\000\040\000D\000I\000S\000P\000L\000A\000Y\000\137\0001\0006\000x\0004}{subsection.4.4.1}% 63
\BOOKMARK [3][-]{subsubsection.4.4.1.3}{\376\377\0004\000.\0004\000.\0001\000.\0003\000\040\000D\000I\000S\000P\000L\000A\000Y\000\137\000R\000O\000W\000S}{subsection.4.4.1}% 64
\BOOKMARK [3][-]{subsubsection.4.4.1.4}{\376\377\0004\000.\0004\000.\0001\000.\0004\000\040\000F\000A\000L\000S\000E}{subsection.4.4.1}% 65
\BOOKMARK [3][-]{subsubsection.4.4.1.5}{\376\377\0004\000.\0004\000.\0001\000.\0005\000\040\000I\000N\000I\000T\000I\000A\000L\000\137\000M\000A\000X\000X}{subsection.4.4.1}% 66
\BOOKMARK [3][-]{subsubsection.4.4.1.6}{\376\377\0004\000.\0004\000.\0001\000.\0006\000\040\000I\000N\000I\000T\000I\000A\000L\000\137\000M\000A\000X\000Y}{subsection.4.4.1}% 67
\BOOKMARK [3][-]{subsubsection.4.4.1.7}{\376\377\0004\000.\0004\000.\0001\000.\0007\000\040\000L\000O\000W\000E\000R\000\137\000S\000P\000A\000C\000E}{subsection.4.4.1}% 68
\BOOKMARK [3][-]{subsubsection.4.4.1.8}{\376\377\0004\000.\0004\000.\0001\000.\0008\000\040\000S\000E\000L\000E\000C\000T\000I\000O\000N\000\137\000C\000H\000A\000R}{subsection.4.4.1}% 69
\BOOKMARK [3][-]{subsubsection.4.4.1.9}{\376\377\0004\000.\0004\000.\0001\000.\0009\000\040\000S\000E\000L\000E\000C\000T\000I\000O\000N\000\137\000C\000H\000A\000R\000\137\000E\000N\000D}{subsection.4.4.1}% 70
\BOOKMARK [3][-]{subsubsection.4.4.1.10}{\376\377\0004\000.\0004\000.\0001\000.\0001\0000\000\040\000S\000T\000A\000R\000T\000\137\000R\000O\000W\0003}{subsection.4.4.1}% 71
\BOOKMARK [3][-]{subsubsection.4.4.1.11}{\376\377\0004\000.\0004\000.\0001\000.\0001\0001\000\040\000S\000T\000A\000R\000T\000\137\000R\000O\000W\0004}{subsection.4.4.1}% 72
\BOOKMARK [3][-]{subsubsection.4.4.1.12}{\376\377\0004\000.\0004\000.\0001\000.\0001\0002\000\040\000T\000R\000U\000E}{subsection.4.4.1}% 73
\BOOKMARK [3][-]{subsubsection.4.4.1.13}{\376\377\0004\000.\0004\000.\0001\000.\0001\0003\000\040\000U\000P\000P\000E\000R\000\137\000S\000P\000A\000C\000E}{subsection.4.4.1}% 74
\BOOKMARK [3][-]{subsubsection.4.4.1.14}{\376\377\0004\000.\0004\000.\0001\000.\0001\0004\000\040\000V\000I\000S\000I\000B\000L\000E\000\137\000M\000E\000N\000U\000\137\000H\000E\000A\000D\000E\000R}{subsection.4.4.1}% 75
\BOOKMARK [2][-]{subsection.4.4.2}{\376\377\0004\000.\0004\000.\0002\000\040\000T\000y\000p\000e\000d\000e\000f\000\040\000D\000o\000c\000u\000m\000e\000n\000t\000a\000t\000i\000o\000n}{section.4.4}% 76
\BOOKMARK [3][-]{subsubsection.4.4.2.1}{\376\377\0004\000.\0004\000.\0002\000.\0001\000\040\000M\000e\000n\000u\000E\000n\000t\000r\000y}{subsection.4.4.2}% 77
\BOOKMARK [2][-]{subsection.4.4.3}{\376\377\0004\000.\0004\000.\0003\000\040\000F\000u\000n\000c\000t\000i\000o\000n\000\040\000D\000o\000c\000u\000m\000e\000n\000t\000a\000t\000i\000o\000n}{section.4.4}% 78
\BOOKMARK [3][-]{subsubsection.4.4.3.1}{\376\377\0004\000.\0004\000.\0003\000.\0001\000\040\000c\000l\000e\000a\000r\000\137\000d\000i\000s\000p\000l\000a\000y\000\050\000\051}{subsection.4.4.3}% 79
\BOOKMARK [3][-]{subsubsection.4.4.3.2}{\376\377\0004\000.\0004\000.\0003\000.\0002\000\040\000D\000e\000l\000a\000y\0001\000S\000e\000c\000\050\000\051}{subsection.4.4.3}% 80
\BOOKMARK [3][-]{subsubsection.4.4.3.3}{\376\377\0004\000.\0004\000.\0003\000.\0003\000\040\000D\000e\000l\000a\000y\0002\0000\0000\000m\000s\000\050\000\051}{subsection.4.4.3}% 81
\BOOKMARK [3][-]{subsubsection.4.4.3.4}{\376\377\0004\000.\0004\000.\0003\000.\0004\000\040\000D\000e\000l\000a\000y\000F\000o\000r\0001\0008\000T\000C\000Y\000\050\000\051}{subsection.4.4.3}% 82
\BOOKMARK [3][-]{subsubsection.4.4.3.5}{\376\377\0004\000.\0004\000.\0003\000.\0005\000\040\000D\000e\000l\000a\000y\000H\000a\000l\000f\000S\000e\000c\000\050\000\051}{subsection.4.4.3}% 83
\BOOKMARK [3][-]{subsubsection.4.4.3.6}{\376\377\0004\000.\0004\000.\0003\000.\0006\000\040\000D\000e\000l\000a\000y\000P\000O\000R\000X\000L\000C\000D\000\050\000\051}{subsection.4.4.3}% 84
\BOOKMARK [3][-]{subsubsection.4.4.3.7}{\376\377\0004\000.\0004\000.\0003\000.\0007\000\040\000D\000e\000l\000a\000y\000X\000L\000C\000D\000\050\000\051}{subsection.4.4.3}% 85
\BOOKMARK [3][-]{subsubsection.4.4.3.8}{\376\377\0004\000.\0004\000.\0003\000.\0008\000\040\000g\000o\000t\000o\000x\000y\000\050\000\051}{subsection.4.4.3}% 86
\BOOKMARK [3][-]{subsubsection.4.4.3.9}{\376\377\0004\000.\0004\000.\0003\000.\0009\000\040\000L\000C\000D\000W\000r\000i\000t\000e\000C\000m\000d\000\050\000\051}{subsection.4.4.3}% 87
\BOOKMARK [3][-]{subsubsection.4.4.3.10}{\376\377\0004\000.\0004\000.\0003\000.\0001\0000\000\040\000L\000C\000D\000W\000r\000i\000t\000e\000S\000t\000r\000i\000n\000g\000R\000O\000M\000\050\000\051}{subsection.4.4.3}% 88
\BOOKMARK [3][-]{subsubsection.4.4.3.11}{\376\377\0004\000.\0004\000.\0003\000.\0001\0001\000\040\000s\000h\000o\000w\000\137\000m\000e\000n\000u\000\050\000\051}{subsection.4.4.3}% 89
\BOOKMARK [3][-]{subsubsection.4.4.3.12}{\376\377\0004\000.\0004\000.\0003\000.\0001\0002\000\040\000s\000t\000a\000r\000t\000\050\000\051}{subsection.4.4.3}% 90
\BOOKMARK [2][-]{subsection.4.4.4}{\376\377\0004\000.\0004\000.\0004\000\040\000V\000a\000r\000i\000a\000b\000l\000e\000\040\000D\000o\000c\000u\000m\000e\000n\000t\000a\000t\000i\000o\000n}{section.4.4}% 91
\BOOKMARK [3][-]{subsubsection.4.4.4.1}{\376\377\0004\000.\0004\000.\0004\000.\0001\000\040\000m\000y\000\137\000m\000e\000n\000u}{subsection.4.4.4}% 92
\BOOKMARK [3][-]{subsubsection.4.4.4.2}{\376\377\0004\000.\0004\000.\0004\000.\0002\000\040\000s\000e\000l\000e\000c\000t\000e\000d}{subsection.4.4.4}% 93
\BOOKMARK [1][-]{section.4.5}{\376\377\0004\000.\0005\000\040\000D\000:\000/\000P\000r\000o\000j\000e\000c\000t\000s\000/\000p\000i\000c\0001\0008\000f\0002\0005\0002\0005\000/\000L\000C\000D\000\137\000t\000r\000i\000a\000l\000s\000/\000l\000c\000d\000\137\000m\000c\000u\000\137\000m\000e\000n\000u\000.\000X\000/\000l\000c\000d\000\137\000t\000r\000i\000a\000l\000s\000\137\0004\000b\000i\000t\000s\000.\000c\000\040\000F\000i\000l\000e\000\040\000R\000e\000f\000e\000r\000e\000n\000c\000e}{chapter.4}% 94
\BOOKMARK [2][-]{subsection.4.5.1}{\376\377\0004\000.\0005\000.\0001\000\040\000M\000a\000c\000r\000o\000\040\000D\000e\000f\000i\000n\000i\000t\000i\000o\000n\000\040\000D\000o\000c\000u\000m\000e\000n\000t\000a\000t\000i\000o\000n}{section.4.5}% 95
\BOOKMARK [3][-]{subsubsection.4.5.1.1}{\376\377\0004\000.\0005\000.\0001\000.\0001\000\040\000D\000I\000S\000P\000L\000A\000Y\000\137\000S\000E\000T\000\137\000D\000O\000W\000N}{subsection.4.5.1}% 96
\BOOKMARK [3][-]{subsubsection.4.5.1.2}{\376\377\0004\000.\0005\000.\0001\000.\0002\000\040\000D\000I\000S\000P\000L\000A\000Y\000\137\000S\000E\000T\000\137\000M\000O\000D\000E\000\137\000S\000E\000L\000E\000C\000T}{subsection.4.5.1}% 97
\BOOKMARK [3][-]{subsubsection.4.5.1.3}{\376\377\0004\000.\0005\000.\0001\000.\0003\000\040\000D\000I\000S\000P\000L\000A\000Y\000\137\000S\000E\000T\000\137\000U\000P}{subsection.4.5.1}% 98
\BOOKMARK [2][-]{subsection.4.5.2}{\376\377\0004\000.\0005\000.\0002\000\040\000F\000u\000n\000c\000t\000i\000o\000n\000\040\000D\000o\000c\000u\000m\000e\000n\000t\000a\000t\000i\000o\000n}{section.4.5}% 99
\BOOKMARK [3][-]{subsubsection.4.5.2.1}{\376\377\0004\000.\0005\000.\0002\000.\0001\000\040\000i\000n\000i\000t\000\137\000G\000P\000I\000O\000\137\000D\000I\000R\000\050\000\051}{subsection.4.5.2}% 100
\BOOKMARK [3][-]{subsubsection.4.5.2.2}{\376\377\0004\000.\0005\000.\0002\000.\0002\000\040\000i\000n\000i\000t\000\137\000X\000L\000C\000D\000\050\000\051}{subsection.4.5.2}% 101
\BOOKMARK [3][-]{subsubsection.4.5.2.3}{\376\377\0004\000.\0005\000.\0002\000.\0003\000\040\000m\000a\000i\000n\000\050\000\051}{subsection.4.5.2}% 102
\BOOKMARK [3][-]{subsubsection.4.5.2.4}{\376\377\0004\000.\0005\000.\0002\000.\0004\000\040\000s\000t\000a\000r\000t\000\050\000\051}{subsection.4.5.2}% 103
\BOOKMARK [2][-]{subsection.4.5.3}{\376\377\0004\000.\0005\000.\0003\000\040\000V\000a\000r\000i\000a\000b\000l\000e\000\040\000D\000o\000c\000u\000m\000e\000n\000t\000a\000t\000i\000o\000n}{section.4.5}% 104
\BOOKMARK [3][-]{subsubsection.4.5.3.1}{\376\377\0004\000.\0005\000.\0003\000.\0001\000\040\000b\000u\000t\000t\000o\000n\000\137\000d\000e\000l\000a\000y\000\137\000c\000o\000u\000n\000t\000e\000r}{subsection.4.5.3}% 105
\BOOKMARK [3][-]{subsubsection.4.5.3.2}{\376\377\0004\000.\0005\000.\0003\000.\0002\000\040\000b\000u\000t\000t\000o\000n\000\137\000d\000e\000l\000a\000y\000\137\000c\000o\000u\000n\000t\000e\000r\000\137\000e\000n\000a\000b\000l\000e}{subsection.4.5.3}% 106
\BOOKMARK [3][-]{subsubsection.4.5.3.3}{\376\377\0004\000.\0005\000.\0003\000.\0003\000\040\000b\000u\000t\000t\000o\000n\000\137\000e\000n\000a\000b\000l\000e}{subsection.4.5.3}% 107
\BOOKMARK [3][-]{subsubsection.4.5.3.4}{\376\377\0004\000.\0005\000.\0003\000.\0004\000\040\000r\000e\000t\000u\000r\000n\000\137\000d\000e\000f\000a\000u\000l\000t\000\137\000d\000i\000s\000p\000l\000a\000y\000\137\000c\000o\000u\000n\000t\000e\000r}{subsection.4.5.3}% 108
\BOOKMARK [3][-]{subsubsection.4.5.3.5}{\376\377\0004\000.\0005\000.\0003\000.\0005\000\040\000r\000e\000t\000u\000r\000n\000\137\000d\000e\000f\000a\000u\000l\000t\000\137\000d\000i\000s\000p\000l\000a\000y\000\137\000c\000o\000u\000n\000t\000e\000r\000\137\000e\000n\000a\000b\000l\000e}{subsection.4.5.3}% 109
\BOOKMARK [1][-]{section.4.6}{\376\377\0004\000.\0006\000\040\000D\000:\000/\000P\000r\000o\000j\000e\000c\000t\000s\000/\000p\000i\000c\0001\0008\000f\0002\0005\0002\0005\000/\000L\000C\000D\000\137\000t\000r\000i\000a\000l\000s\000/\000l\000c\000d\000\137\000m\000c\000u\000\137\000m\000e\000n\000u\000.\000X\000/\000l\000c\000d\000\137\000t\000r\000i\000a\000l\000s\000\137\0004\000b\000i\000t\000s\000.\000h\000\040\000F\000i\000l\000e\000\040\000R\000e\000f\000e\000r\000e\000n\000c\000e}{chapter.4}% 110
\BOOKMARK [1][-]{section.4.7}{\376\377\0004\000.\0007\000\040\000D\000:\000/\000P\000r\000o\000j\000e\000c\000t\000s\000/\000p\000i\000c\0001\0008\000f\0002\0005\0002\0005\000/\000L\000C\000D\000\137\000t\000r\000i\000a\000l\000s\000/\000l\000c\000d\000\137\000m\000c\000u\000\137\000m\000e\000n\000u\000.\000X\000/\000L\000C\000D\000\137\000u\000s\000e\000r\000\137\000f\000u\000n\000c\000t\000i\000o\000n\000s\000.\000h\000\040\000F\000i\000l\000e\000\040\000R\000e\000f\000e\000r\000e\000n\000c\000e}{chapter.4}% 111
\BOOKMARK [2][-]{subsection.4.7.1}{\376\377\0004\000.\0007\000.\0001\000\040\000F\000u\000n\000c\000t\000i\000o\000n\000\040\000D\000o\000c\000u\000m\000e\000n\000t\000a\000t\000i\000o\000n}{section.4.7}% 112
\BOOKMARK [3][-]{subsubsection.4.7.1.1}{\376\377\0004\000.\0007\000.\0001\000.\0001\000\040\000c\000l\000e\000a\000r\000\137\000d\000i\000s\000p\000l\000a\000y\000\050\000\051}{subsection.4.7.1}% 113
\BOOKMARK [3][-]{subsubsection.4.7.1.2}{\376\377\0004\000.\0007\000.\0001\000.\0002\000\040\000D\000e\000l\000a\000y\0001\000S\000e\000c\000\050\000\051}{subsection.4.7.1}% 114
\BOOKMARK [3][-]{subsubsection.4.7.1.3}{\376\377\0004\000.\0007\000.\0001\000.\0003\000\040\000D\000e\000l\000a\000y\0002\0000\0000\000m\000s\000\050\000\051}{subsection.4.7.1}% 115
\BOOKMARK [3][-]{subsubsection.4.7.1.4}{\376\377\0004\000.\0007\000.\0001\000.\0004\000\040\000D\000e\000l\000a\000y\000F\000o\000r\0001\0008\000T\000C\000Y\000\050\000\051}{subsection.4.7.1}% 116
\BOOKMARK [3][-]{subsubsection.4.7.1.5}{\376\377\0004\000.\0007\000.\0001\000.\0005\000\040\000D\000e\000l\000a\000y\000H\000a\000l\000f\000S\000e\000c\000\050\000\051}{subsection.4.7.1}% 117
\BOOKMARK [3][-]{subsubsection.4.7.1.6}{\376\377\0004\000.\0007\000.\0001\000.\0006\000\040\000D\000e\000l\000a\000y\000P\000O\000R\000X\000L\000C\000D\000\050\000\051}{subsection.4.7.1}% 118
\BOOKMARK [3][-]{subsubsection.4.7.1.7}{\376\377\0004\000.\0007\000.\0001\000.\0007\000\040\000D\000e\000l\000a\000y\000X\000L\000C\000D\000\050\000\051}{subsection.4.7.1}% 119
\BOOKMARK [3][-]{subsubsection.4.7.1.8}{\376\377\0004\000.\0007\000.\0001\000.\0008\000\040\000i\000n\000i\000t\000\137\000G\000P\000I\000O\000\137\000D\000I\000R\000\050\000\051}{subsection.4.7.1}% 120
\BOOKMARK [3][-]{subsubsection.4.7.1.9}{\376\377\0004\000.\0007\000.\0001\000.\0009\000\040\000i\000n\000i\000t\000\137\000X\000L\000C\000D\000\050\000\051}{subsection.4.7.1}% 121
\BOOKMARK [1][-]{section.4.8}{\376\377\0004\000.\0008\000\040\000D\000:\000/\000P\000r\000o\000j\000e\000c\000t\000s\000/\000p\000i\000c\0001\0008\000f\0002\0005\0002\0005\000/\000L\000C\000D\000\137\000t\000r\000i\000a\000l\000s\000/\000l\000c\000d\000\137\000m\000c\000u\000\137\000m\000e\000n\000u\000.\000X\000/\000o\000p\000e\000n\000x\000l\000c\000d\000.\000c\000\040\000F\000i\000l\000e\000\040\000R\000e\000f\000e\000r\000e\000n\000c\000e}{chapter.4}% 122
\BOOKMARK [2][-]{subsection.4.8.1}{\376\377\0004\000.\0008\000.\0001\000\040\000F\000u\000n\000c\000t\000i\000o\000n\000\040\000D\000o\000c\000u\000m\000e\000n\000t\000a\000t\000i\000o\000n}{section.4.8}% 123
\BOOKMARK [3][-]{subsubsection.4.8.1.1}{\376\377\0004\000.\0008\000.\0001\000.\0001\000\040\000O\000p\000e\000n\000X\000L\000C\000D\000\050\000\051}{subsection.4.8.1}% 124
\BOOKMARK [1][-]{section.4.9}{\376\377\0004\000.\0009\000\040\000D\000:\000/\000P\000r\000o\000j\000e\000c\000t\000s\000/\000p\000i\000c\0001\0008\000f\0002\0005\0002\0005\000/\000L\000C\000D\000\137\000t\000r\000i\000a\000l\000s\000/\000l\000c\000d\000\137\000m\000c\000u\000\137\000m\000e\000n\000u\000.\000X\000/\000p\000u\000t\000r\000x\000l\000c\000d\000.\000c\000\040\000F\000i\000l\000e\000\040\000R\000e\000f\000e\000r\000e\000n\000c\000e}{chapter.4}% 125
\BOOKMARK [2][-]{subsection.4.9.1}{\376\377\0004\000.\0009\000.\0001\000\040\000F\000u\000n\000c\000t\000i\000o\000n\000\040\000D\000o\000c\000u\000m\000e\000n\000t\000a\000t\000i\000o\000n}{section.4.9}% 126
\BOOKMARK [3][-]{subsubsection.4.9.1.1}{\376\377\0004\000.\0009\000.\0001\000.\0001\000\040\000p\000u\000t\000r\000s\000X\000L\000C\000D\000\050\000\051}{subsection.4.9.1}% 127
\BOOKMARK [1][-]{section.4.10}{\376\377\0004\000.\0001\0000\000\040\000D\000:\000/\000P\000r\000o\000j\000e\000c\000t\000s\000/\000p\000i\000c\0001\0008\000f\0002\0005\0002\0005\000/\000L\000C\000D\000\137\000t\000r\000i\000a\000l\000s\000/\000l\000c\000d\000\137\000m\000c\000u\000\137\000m\000e\000n\000u\000.\000X\000/\000p\000u\000t\000s\000x\000l\000c\000d\000.\000c\000\040\000F\000i\000l\000e\000\040\000R\000e\000f\000e\000r\000e\000n\000c\000e}{chapter.4}% 128
\BOOKMARK [2][-]{subsection.4.10.1}{\376\377\0004\000.\0001\0000\000.\0001\000\040\000F\000u\000n\000c\000t\000i\000o\000n\000\040\000D\000o\000c\000u\000m\000e\000n\000t\000a\000t\000i\000o\000n}{section.4.10}% 129
\BOOKMARK [3][-]{subsubsection.4.10.1.1}{\376\377\0004\000.\0001\0000\000.\0001\000.\0001\000\040\000p\000u\000t\000s\000X\000L\000C\000D\000\050\000\051}{subsection.4.10.1}% 130
\BOOKMARK [1][-]{section.4.11}{\376\377\0004\000.\0001\0001\000\040\000D\000:\000/\000P\000r\000o\000j\000e\000c\000t\000s\000/\000p\000i\000c\0001\0008\000f\0002\0005\0002\0005\000/\000L\000C\000D\000\137\000t\000r\000i\000a\000l\000s\000/\000l\000c\000d\000\137\000m\000c\000u\000\137\000m\000e\000n\000u\000.\000X\000/\000r\000e\000a\000d\000a\000d\000d\000r\000.\000c\000\040\000F\000i\000l\000e\000\040\000R\000e\000f\000e\000r\000e\000n\000c\000e}{chapter.4}% 131
\BOOKMARK [2][-]{subsection.4.11.1}{\376\377\0004\000.\0001\0001\000.\0001\000\040\000F\000u\000n\000c\000t\000i\000o\000n\000\040\000D\000o\000c\000u\000m\000e\000n\000t\000a\000t\000i\000o\000n}{section.4.11}% 132
\BOOKMARK [3][-]{subsubsection.4.11.1.1}{\376\377\0004\000.\0001\0001\000.\0001\000.\0001\000\040\000R\000e\000a\000d\000A\000d\000d\000r\000X\000L\000C\000D\000\050\000\051}{subsection.4.11.1}% 133
\BOOKMARK [1][-]{section.4.12}{\376\377\0004\000.\0001\0002\000\040\000D\000:\000/\000P\000r\000o\000j\000e\000c\000t\000s\000/\000p\000i\000c\0001\0008\000f\0002\0005\0002\0005\000/\000L\000C\000D\000\137\000t\000r\000i\000a\000l\000s\000/\000l\000c\000d\000\137\000m\000c\000u\000\137\000m\000e\000n\000u\000.\000X\000/\000r\000e\000a\000d\000d\000a\000t\000a\000.\000c\000\040\000F\000i\000l\000e\000\040\000R\000e\000f\000e\000r\000e\000n\000c\000e}{chapter.4}% 134
\BOOKMARK [2][-]{subsection.4.12.1}{\376\377\0004\000.\0001\0002\000.\0001\000\040\000F\000u\000n\000c\000t\000i\000o\000n\000\040\000D\000o\000c\000u\000m\000e\000n\000t\000a\000t\000i\000o\000n}{section.4.12}% 135
\BOOKMARK [3][-]{subsubsection.4.12.1.1}{\376\377\0004\000.\0001\0002\000.\0001\000.\0001\000\040\000R\000e\000a\000d\000D\000a\000t\000a\000X\000L\000C\000D\000\050\000\051}{subsection.4.12.1}% 136
\BOOKMARK [1][-]{section.4.13}{\376\377\0004\000.\0001\0003\000\040\000D\000:\000/\000P\000r\000o\000j\000e\000c\000t\000s\000/\000p\000i\000c\0001\0008\000f\0002\0005\0002\0005\000/\000L\000C\000D\000\137\000t\000r\000i\000a\000l\000s\000/\000l\000c\000d\000\137\000m\000c\000u\000\137\000m\000e\000n\000u\000.\000X\000/\000s\000e\000t\000c\000g\000r\000a\000m\000.\000c\000\040\000F\000i\000l\000e\000\040\000R\000e\000f\000e\000r\000e\000n\000c\000e}{chapter.4}% 137
\BOOKMARK [2][-]{subsection.4.13.1}{\376\377\0004\000.\0001\0003\000.\0001\000\040\000F\000u\000n\000c\000t\000i\000o\000n\000\040\000D\000o\000c\000u\000m\000e\000n\000t\000a\000t\000i\000o\000n}{section.4.13}% 138
\BOOKMARK [3][-]{subsubsection.4.13.1.1}{\376\377\0004\000.\0001\0003\000.\0001\000.\0001\000\040\000S\000e\000t\000C\000G\000R\000a\000m\000A\000d\000d\000r\000\050\000\051}{subsection.4.13.1}% 139
\BOOKMARK [1][-]{section.4.14}{\376\377\0004\000.\0001\0004\000\040\000D\000:\000/\000P\000r\000o\000j\000e\000c\000t\000s\000/\000p\000i\000c\0001\0008\000f\0002\0005\0002\0005\000/\000L\000C\000D\000\137\000t\000r\000i\000a\000l\000s\000/\000l\000c\000d\000\137\000m\000c\000u\000\137\000m\000e\000n\000u\000.\000X\000/\000s\000e\000t\000d\000d\000r\000a\000m\000.\000c\000\040\000F\000i\000l\000e\000\040\000R\000e\000f\000e\000r\000e\000n\000c\000e}{chapter.4}% 140
\BOOKMARK [2][-]{subsection.4.14.1}{\376\377\0004\000.\0001\0004\000.\0001\000\040\000F\000u\000n\000c\000t\000i\000o\000n\000\040\000D\000o\000c\000u\000m\000e\000n\000t\000a\000t\000i\000o\000n}{section.4.14}% 141
\BOOKMARK [3][-]{subsubsection.4.14.1.1}{\376\377\0004\000.\0001\0004\000.\0001\000.\0001\000\040\000S\000e\000t\000D\000D\000R\000a\000m\000A\000d\000d\000r\000\050\000\051}{subsection.4.14.1}% 142
\BOOKMARK [1][-]{section.4.15}{\376\377\0004\000.\0001\0005\000\040\000D\000:\000/\000P\000r\000o\000j\000e\000c\000t\000s\000/\000p\000i\000c\0001\0008\000f\0002\0005\0002\0005\000/\000L\000C\000D\000\137\000t\000r\000i\000a\000l\000s\000/\000l\000c\000d\000\137\000m\000c\000u\000\137\000m\000e\000n\000u\000.\000X\000/\000w\000c\000m\000d\000x\000l\000c\000d\000.\000c\000\040\000F\000i\000l\000e\000\040\000R\000e\000f\000e\000r\000e\000n\000c\000e}{chapter.4}% 143
\BOOKMARK [2][-]{subsection.4.15.1}{\376\377\0004\000.\0001\0005\000.\0001\000\040\000F\000u\000n\000c\000t\000i\000o\000n\000\040\000D\000o\000c\000u\000m\000e\000n\000t\000a\000t\000i\000o\000n}{section.4.15}% 144
\BOOKMARK [3][-]{subsubsection.4.15.1.1}{\376\377\0004\000.\0001\0005\000.\0001\000.\0001\000\040\000W\000r\000i\000t\000e\000C\000m\000d\000X\000L\000C\000D\000\050\000\051}{subsection.4.15.1}% 145
\BOOKMARK [1][-]{section.4.16}{\376\377\0004\000.\0001\0006\000\040\000D\000:\000/\000P\000r\000o\000j\000e\000c\000t\000s\000/\000p\000i\000c\0001\0008\000f\0002\0005\0002\0005\000/\000L\000C\000D\000\137\000t\000r\000i\000a\000l\000s\000/\000l\000c\000d\000\137\000m\000c\000u\000\137\000m\000e\000n\000u\000.\000X\000/\000w\000r\000i\000t\000d\000a\000t\000a\000.\000c\000\040\000F\000i\000l\000e\000\040\000R\000e\000f\000e\000r\000e\000n\000c\000e}{chapter.4}% 146
\BOOKMARK [2][-]{subsection.4.16.1}{\376\377\0004\000.\0001\0006\000.\0001\000\040\000F\000u\000n\000c\000t\000i\000o\000n\000\040\000D\000o\000c\000u\000m\000e\000n\000t\000a\000t\000i\000o\000n}{section.4.16}% 147
\BOOKMARK [3][-]{subsubsection.4.16.1.1}{\376\377\0004\000.\0001\0006\000.\0001\000.\0001\000\040\000W\000r\000i\000t\000e\000D\000a\000t\000a\000X\000L\000C\000D\000\050\000\051}{subsection.4.16.1}% 148
\BOOKMARK [1][-]{section.4.17}{\376\377\0004\000.\0001\0007\000\040\000D\000:\000/\000P\000r\000o\000j\000e\000c\000t\000s\000/\000p\000i\000c\0001\0008\000f\0002\0005\0002\0005\000/\000L\000C\000D\000\137\000t\000r\000i\000a\000l\000s\000/\000l\000c\000d\000\137\000m\000c\000u\000\137\000m\000e\000n\000u\000.\000X\000/\000x\000l\000c\000d\000.\000h\000\040\000F\000i\000l\000e\000\040\000R\000e\000f\000e\000r\000e\000n\000c\000e}{chapter.4}% 149
\BOOKMARK [2][-]{subsection.4.17.1}{\376\377\0004\000.\0001\0007\000.\0001\000\040\000M\000a\000c\000r\000o\000\040\000D\000e\000f\000i\000n\000i\000t\000i\000o\000n\000\040\000D\000o\000c\000u\000m\000e\000n\000t\000a\000t\000i\000o\000n}{section.4.17}% 150
\BOOKMARK [3][-]{subsubsection.4.17.1.1}{\376\377\0004\000.\0001\0007\000.\0001\000.\0001\000\040\000B\000L\000I\000N\000K\000\137\000O\000F\000F}{subsection.4.17.1}% 151
\BOOKMARK [3][-]{subsubsection.4.17.1.2}{\376\377\0004\000.\0001\0007\000.\0001\000.\0002\000\040\000B\000L\000I\000N\000K\000\137\000O\000N}{subsection.4.17.1}% 152
\BOOKMARK [3][-]{subsubsection.4.17.1.3}{\376\377\0004\000.\0001\0007\000.\0001\000.\0003\000\040\000C\000U\000R\000S\000O\000R\000\137\000O\000F\000F}{subsection.4.17.1}% 153
\BOOKMARK [3][-]{subsubsection.4.17.1.4}{\376\377\0004\000.\0001\0007\000.\0001\000.\0004\000\040\000C\000U\000R\000S\000O\000R\000\137\000O\000N}{subsection.4.17.1}% 154
\BOOKMARK [3][-]{subsubsection.4.17.1.5}{\376\377\0004\000.\0001\0007\000.\0001\000.\0005\000\040\000D\000A\000T\000A\000\137\000P\000O\000R\000T}{subsection.4.17.1}% 155
\BOOKMARK [3][-]{subsubsection.4.17.1.6}{\376\377\0004\000.\0001\0007\000.\0001\000.\0006\000\040\000D\000O\000F\000F}{subsection.4.17.1}% 156
\BOOKMARK [3][-]{subsubsection.4.17.1.7}{\376\377\0004\000.\0001\0007\000.\0001\000.\0007\000\040\000D\000O\000N}{subsection.4.17.1}% 157
\BOOKMARK [3][-]{subsubsection.4.17.1.8}{\376\377\0004\000.\0001\0007\000.\0001\000.\0008\000\040\000E\000\137\000P\000I\000N}{subsection.4.17.1}% 158
\BOOKMARK [3][-]{subsubsection.4.17.1.9}{\376\377\0004\000.\0001\0007\000.\0001\000.\0009\000\040\000E\000I\000G\000H\000T\000\137\000B\000I\000T}{subsection.4.17.1}% 159
\BOOKMARK [3][-]{subsubsection.4.17.1.10}{\376\377\0004\000.\0001\0007\000.\0001\000.\0001\0000\000\040\000F\000O\000U\000R\000\137\000B\000I\000T}{subsection.4.17.1}% 160
\BOOKMARK [3][-]{subsubsection.4.17.1.11}{\376\377\0004\000.\0001\0007\000.\0001\000.\0001\0001\000\040\000L\000I\000N\000E\000\137\0005\000X\0001\0000}{subsection.4.17.1}% 161
\BOOKMARK [3][-]{subsubsection.4.17.1.12}{\376\377\0004\000.\0001\0007\000.\0001\000.\0001\0002\000\040\000L\000I\000N\000E\000\137\0005\000X\0007}{subsection.4.17.1}% 162
\BOOKMARK [3][-]{subsubsection.4.17.1.13}{\376\377\0004\000.\0001\0007\000.\0001\000.\0001\0003\000\040\000L\000I\000N\000E\000S\000\137\0005\000X\0007}{subsection.4.17.1}% 163
\BOOKMARK [3][-]{subsubsection.4.17.1.14}{\376\377\0004\000.\0001\0007\000.\0001\000.\0001\0004\000\040\000M\000E\000M\000\137\000M\000O\000D\000E\000L}{subsection.4.17.1}% 164
\BOOKMARK [3][-]{subsubsection.4.17.1.15}{\376\377\0004\000.\0001\0007\000.\0001\000.\0001\0005\000\040\000P\000A\000R\000A\000M\000\137\000S\000C\000L\000A\000S\000S}{subsection.4.17.1}% 165
\BOOKMARK [3][-]{subsubsection.4.17.1.16}{\376\377\0004\000.\0001\0007\000.\0001\000.\0001\0006\000\040\000p\000u\000t\000c\000X\000L\000C\000D}{subsection.4.17.1}% 166
\BOOKMARK [3][-]{subsubsection.4.17.1.17}{\376\377\0004\000.\0001\0007\000.\0001\000.\0001\0007\000\040\000R\000S\000\137\000P\000I\000N}{subsection.4.17.1}% 167
\BOOKMARK [3][-]{subsubsection.4.17.1.18}{\376\377\0004\000.\0001\0007\000.\0001\000.\0001\0008\000\040\000R\000W\000\137\000P\000I\000N}{subsection.4.17.1}% 168
\BOOKMARK [3][-]{subsubsection.4.17.1.19}{\376\377\0004\000.\0001\0007\000.\0001\000.\0001\0009\000\040\000S\000H\000I\000F\000T\000\137\000C\000U\000R\000\137\000L\000E\000F\000T}{subsection.4.17.1}% 169
\BOOKMARK [3][-]{subsubsection.4.17.1.20}{\376\377\0004\000.\0001\0007\000.\0001\000.\0002\0000\000\040\000S\000H\000I\000F\000T\000\137\000C\000U\000R\000\137\000R\000I\000G\000H\000T}{subsection.4.17.1}% 170
\BOOKMARK [3][-]{subsubsection.4.17.1.21}{\376\377\0004\000.\0001\0007\000.\0001\000.\0002\0001\000\040\000S\000H\000I\000F\000T\000\137\000D\000I\000S\000P\000\137\000L\000E\000F\000T}{subsection.4.17.1}% 171
\BOOKMARK [3][-]{subsubsection.4.17.1.22}{\376\377\0004\000.\0001\0007\000.\0001\000.\0002\0002\000\040\000S\000H\000I\000F\000T\000\137\000D\000I\000S\000P\000\137\000R\000I\000G\000H\000T}{subsection.4.17.1}% 172
\BOOKMARK [3][-]{subsubsection.4.17.1.23}{\376\377\0004\000.\0001\0007\000.\0001\000.\0002\0003\000\040\000T\000R\000I\000S\000\137\000D\000A\000T\000A\000\137\000P\000O\000R\000T}{subsection.4.17.1}% 173
\BOOKMARK [3][-]{subsubsection.4.17.1.24}{\376\377\0004\000.\0001\0007\000.\0001\000.\0002\0004\000\040\000T\000R\000I\000S\000\137\000E}{subsection.4.17.1}% 174
\BOOKMARK [3][-]{subsubsection.4.17.1.25}{\376\377\0004\000.\0001\0007\000.\0001\000.\0002\0005\000\040\000T\000R\000I\000S\000\137\000R\000S}{subsection.4.17.1}% 175
\BOOKMARK [3][-]{subsubsection.4.17.1.26}{\376\377\0004\000.\0001\0007\000.\0001\000.\0002\0006\000\040\000T\000R\000I\000S\000\137\000R\000W}{subsection.4.17.1}% 176
\BOOKMARK [2][-]{subsection.4.17.2}{\376\377\0004\000.\0001\0007\000.\0002\000\040\000F\000u\000n\000c\000t\000i\000o\000n\000\040\000D\000o\000c\000u\000m\000e\000n\000t\000a\000t\000i\000o\000n}{section.4.17}% 177
\BOOKMARK [3][-]{subsubsection.4.17.2.1}{\376\377\0004\000.\0001\0007\000.\0002\000.\0001\000\040\000B\000u\000s\000y\000X\000L\000C\000D\000\050\000\051}{subsection.4.17.2}% 178
\BOOKMARK [3][-]{subsubsection.4.17.2.2}{\376\377\0004\000.\0001\0007\000.\0002\000.\0002\000\040\000D\000e\000l\000a\000y\000F\000o\000r\0001\0008\000T\000C\000Y\000\050\000\051}{subsection.4.17.2}% 179
\BOOKMARK [3][-]{subsubsection.4.17.2.3}{\376\377\0004\000.\0001\0007\000.\0002\000.\0003\000\040\000D\000e\000l\000a\000y\000P\000O\000R\000X\000L\000C\000D\000\050\000\051}{subsection.4.17.2}% 180
\BOOKMARK [3][-]{subsubsection.4.17.2.4}{\376\377\0004\000.\0001\0007\000.\0002\000.\0004\000\040\000D\000e\000l\000a\000y\000X\000L\000C\000D\000\050\000\051}{subsection.4.17.2}% 181
\BOOKMARK [3][-]{subsubsection.4.17.2.5}{\376\377\0004\000.\0001\0007\000.\0002\000.\0005\000\040\000O\000p\000e\000n\000X\000L\000C\000D\000\050\000\051}{subsection.4.17.2}% 182
\BOOKMARK [3][-]{subsubsection.4.17.2.6}{\376\377\0004\000.\0001\0007\000.\0002\000.\0006\000\040\000p\000u\000t\000r\000s\000X\000L\000C\000D\000\050\000\051}{subsection.4.17.2}% 183
\BOOKMARK [3][-]{subsubsection.4.17.2.7}{\376\377\0004\000.\0001\0007\000.\0002\000.\0007\000\040\000p\000u\000t\000s\000X\000L\000C\000D\000\050\000\051}{subsection.4.17.2}% 184
\BOOKMARK [3][-]{subsubsection.4.17.2.8}{\376\377\0004\000.\0001\0007\000.\0002\000.\0008\000\040\000R\000e\000a\000d\000A\000d\000d\000r\000X\000L\000C\000D\000\050\000\051}{subsection.4.17.2}% 185
\BOOKMARK [3][-]{subsubsection.4.17.2.9}{\376\377\0004\000.\0001\0007\000.\0002\000.\0009\000\040\000R\000e\000a\000d\000D\000a\000t\000a\000X\000L\000C\000D\000\050\000\051}{subsection.4.17.2}% 186
\BOOKMARK [3][-]{subsubsection.4.17.2.10}{\376\377\0004\000.\0001\0007\000.\0002\000.\0001\0000\000\040\000S\000e\000t\000C\000G\000R\000a\000m\000A\000d\000d\000r\000\050\000\051}{subsection.4.17.2}% 187
\BOOKMARK [3][-]{subsubsection.4.17.2.11}{\376\377\0004\000.\0001\0007\000.\0002\000.\0001\0001\000\040\000S\000e\000t\000D\000D\000R\000a\000m\000A\000d\000d\000r\000\050\000\051}{subsection.4.17.2}% 188
\BOOKMARK [3][-]{subsubsection.4.17.2.12}{\376\377\0004\000.\0001\0007\000.\0002\000.\0001\0002\000\040\000W\000r\000i\000t\000e\000C\000m\000d\000X\000L\000C\000D\000\050\000\051}{subsection.4.17.2}% 189
\BOOKMARK [3][-]{subsubsection.4.17.2.13}{\376\377\0004\000.\0001\0007\000.\0002\000.\0001\0003\000\040\000W\000r\000i\000t\000e\000D\000a\000t\000a\000X\000L\000C\000D\000\050\000\051}{subsection.4.17.2}% 190
\BOOKMARK [0][-]{section*.26}{\376\377\000I\000n\000d\000e\000x}{}% 191
